<?xml version="1.0" encoding="UTF-8"?>
<con:testCase id="ab87cdc3-2cd1-4d6a-be46-3936aa295bcb" discardOkResults="false" failOnError="true" failTestCaseOnErrors="true" keepSession="false" name="Test Case 1" searchProperties="true" timeout="0" xmlns:con="http://eviware.com/soapui/config">
  <con:settings>
    <con:setting id="ab87cdc3-2cd1-4d6a-be46-3936aa295bcbfileName">Test-Case-1</con:setting>
  </con:settings>
  <con:testStep type="request" id="6aa7ba8a-dfe0-4c7c-9505-4ad305d816cb" name="SOAP Request">
    <con:settings/>
    <con:config xsi:type="con:RequestStep" xmlns:xsi="http://www.w3.org/2001/XMLSchema-instance">
      <con:interface>CountryInfoServiceSoapBinding</con:interface>
      <con:operation>CountryISOCode</con:operation>
      <con:request name="SOAP Request" id="5290c69c-cd4c-4140-a2fd-24ab4b187c2b">
        <con:settings>
          <con:setting id="com.eviware.soapui.impl.wsdl.WsdlRequest@request-headers">&lt;xml-fragment/></con:setting>
        </con:settings>
        <con:encoding>UTF-8</con:encoding>
        <con:endpoint>http://www.oorsprong.org/websamples.countryinfo/CountryInfoService.wso</con:endpoint>
        <con:request><![CDATA[<soapenv:Envelope xmlns:soapenv="http://schemas.xmlsoap.org/soap/envelope/" xmlns:web="http://www.oorsprong.org/websamples.countryinfo">
   <soapenv:Header/>
   <soapenv:Body>
      <web:CountryISOCode>
         <web:sCountryName>India</web:sCountryName>
      </web:CountryISOCode>
   </soapenv:Body>
</soapenv:Envelope>]]></con:request>
        <con:assertion type="Valid HTTP Status Codes" id="329ecd45-e509-4bd9-b76f-e5d877d05725" name="Valid HTTP Status Codes">
          <con:settings/>
          <con:configuration>
            <codes>200</codes>
          </con:configuration>
        </con:assertion>
        <con:assertion type="SOAP Fault Assertion" id="90efa7fc-bc46-4ca7-a0c9-700b52bda3af" name="Not SOAP Fault"/>
        <con:assertion type="Schema Compliance" id="cb314ccc-845e-4db2-86a7-181f329215a6" name="Schema Compliance">
          <con:configuration/>
        </con:assertion>
        <con:credentials>
          <con:selectedAuthProfile>No Authorization</con:selectedAuthProfile>
          <con:authType>No Authorization</con:authType>
        </con:credentials>
        <con:jmsConfig JMSDeliveryMode="PERSISTENT"/>
        <con:wsaConfig action="http://www.oorsprong.org/websamples.countryinfo/CountryInfoServiceSoapType/CountryISOCodeRequest" mustUnderstand="NONE" version="200508"/>
        <con:wsrmConfig version="1.2"/>
      </con:request>
    </con:config>
  </con:testStep>
  <con:properties/>
  <con:reportParameters/>
</con:testCase>
